<?xml version="1.0" encoding="UTF-8"?>
<testng-results skipped="0" failed="0" ignored="0" total="1" passed="1">
  <reporter-output>
  </reporter-output>
  <suite name="Default suite" duration-ms="6020" started-at="2019-05-04T09:00:01Z" finished-at="2019-05-04T09:00:07Z">
    <groups>
    </groups>
    <test name="Default test" duration-ms="6020" started-at="2019-05-04T09:00:01Z" finished-at="2019-05-04T09:00:07Z">
      <class name="com.api.tests.APITest">
        <test-method status="PASS" signature="Post()[pri:0, instance:com.api.tests.APITest@cc285f4]" name="Post" duration-ms="5977" started-at="2019-05-04T09:00:01Z" finished-at="2019-05-04T09:00:07Z">
          <reporter-output>
          </reporter-output>
        </test-method> <!-- Post -->
      </class> <!-- com.api.tests.APITest -->
    </test> <!-- Default test -->
  </suite> <!-- Default suite -->
</testng-results>
